<?xml version="1.0" encoding="UTF-8"?>
<testng-results ignored="0" total="1" passed="1" failed="0" skipped="0">
  <reporter-output>
  </reporter-output>
  <suite started-at="2025-05-15T22:01:49 CDT" name="Default suite" finished-at="2025-05-15T22:02:58 CDT" duration-ms="68887">
    <groups>
    </groups>
    <test started-at="2025-05-15T22:01:49 CDT" name="Default test" finished-at="2025-05-15T22:02:58 CDT" duration-ms="68887">
      <class name="Framework.Base">
        <test-method signature="operation()[pri:0, instance:Framework.Base@47987356]" started-at="2025-05-15T22:01:49 CDT" name="operation" finished-at="2025-05-15T22:02:58 CDT" duration-ms="68852" status="PASS">
          <reporter-output>
          </reporter-output>
        </test-method> <!-- operation -->
      </class> <!-- Framework.Base -->
    </test> <!-- Default test -->
  </suite> <!-- Default suite -->
</testng-results>
