<?xml version="1.0" encoding="UTF-8"?>
<!-- Generated by org.testng.reporters.JUnitReportReporter -->
<testsuite hostname="MacBook-Air.localdomain" failures="0" tests="5" name="SeleniumBasicsFirst.TestNGStart" time="0.012" errors="0" timestamp="2025-05-01T22:16:58 CDT" skipped="0">
  <testcase classname="SeleniumBasicsFirst.TestNGStart" name="wakeUp" time="0.001"/>
  <system-out/>
  <testcase classname="SeleniumBasicsFirst.TestNGStart" name="cooking" time="0.006"/>
  <system-out/>
  <testcase classname="SeleniumBasicsFirst.TestNGStart" name="breakFast" time="0.002"/>
  <system-out/>
  <testcase classname="SeleniumBasicsFirst.TestNGStart" name="afterNoon" time="0.001"/>
  <system-out/>
  <testcase classname="SeleniumBasicsFirst.TestNGStart" name="work" time="0.002"/>
  <system-out/>
</testsuite> <!-- SeleniumBasicsFirst.TestNGStart -->
