<?xml version="1.0" encoding="UTF-8"?>
<!-- Generated by org.testng.reporters.JUnitReportReporter -->
<testsuite hostname="MacBook-Air.localdomain" failures="0" tests="3" name="SeleniumBasicsFirst.TesNGBeforeTest" time="0.014" errors="0" timestamp="2025-05-01T22:27:23 CDT" skipped="0">
  <testcase classname="SeleniumBasicsFirst.TesNGBeforeTest" name="getReady" time="0.006"/>
  <system-out/>
  <testcase classname="SeleniumBasicsFirst.TesNGBeforeTest" name="breakFast" time="0.001"/>
  <system-out/>
  <testcase classname="SeleniumBasicsFirst.TesNGBeforeTest" name="movie" time="0.007"/>
  <system-out/>
</testsuite> <!-- SeleniumBasicsFirst.TesNGBeforeTest -->
