<?xml version="1.0" encoding="UTF-8"?>
<!-- Generated by org.testng.reporters.JUnitReportReporter -->
<testsuite hostname="MacBook-Air.localdomain" failures="0" tests="3" name="SeleniumBasicsFirst.MouseActions" time="0.315" errors="0" timestamp="2025-05-07T21:13:26 CDT" skipped="2">
  <testcase classname="SeleniumBasicsFirst.MouseActions" name="alertsOk" time="0.315"/>
  <system-out/>
  <testcase classname="SeleniumBasicsFirst.MouseActions" name="dragAndDrop">
    <skipped/>
  </testcase> <!-- dragAndDrop -->
  <system-out/>
  <testcase classname="SeleniumBasicsFirst.MouseActions" name="alert">
    <skipped/>
  </testcase> <!-- alert -->
  <system-out/>
</testsuite> <!-- SeleniumBasicsFirst.MouseActions -->
