<?xml version="1.0" encoding="UTF-8"?>
<!-- Generated by org.testng.reporters.JUnitReportReporter -->
<testsuite hostname="MacBook-Air.localdomain" failures="0" tests="2" name="SeleniumBasicsFirst.TestNGBasics" time="0.007" errors="0" timestamp="2025-05-01T21:55:52 CDT" skipped="0">
  <testcase classname="SeleniumBasicsFirst.TestNGBasics" name="balakrishna" time="0.006"/>
  <system-out/>
  <testcase classname="SeleniumBasicsFirst.TestNGBasics" name="chiranjeevi" time="0.001"/>
  <system-out/>
</testsuite> <!-- SeleniumBasicsFirst.TestNGBasics -->
